<?xml version="1.0" encoding="UTF-8"?>
<testsuite name="runners.RunnerTags" tests="0" skipped="0" failures="0" errors="0" timestamp="1970-01-01T00:00:00" hostname="JACOPC" time="0.0">
  <properties/>
  <system-out><![CDATA[
1 Scenarios (1 passed)
4 Steps (4 passed)
0m40.266s

Generating Reports...
Reports Generated Successfully!
]]></system-out>
  <system-err><![CDATA[]]></system-err>
</testsuite>
