<?xml version="1.0" encoding="UTF-8"?>
<testsuite name="Test Google search funcionality" tests="1" skipped="0" failures="0" errors="0" timestamp="2023-03-06T21:53:29" hostname="JACOPC" time="39.616">
  <properties/>
  <testcase name="As a user I enter a search criteria in Google" classname="Test Google search funcionality" time="39.616"/>
  <system-out><![CDATA[]]></system-out>
  <system-err><![CDATA[Starting ChromeDriver 110.0.5481.77 (65ed616c6e8ee3fe0ad64fe83796c020644d42af-refs/branch-heads/5481@{#839}) on port 11237
Only local connections are allowed.
Please see https://chromedriver.chromium.org/security-considerations for suggestions on keeping ChromeDriver safe.
ChromeDriver was started successfully.
[1678139614.319][WARNING]: virtual void DevToolsClientImpl::AddListener(DevToolsEventListener *) subscribing a listener to the already connected DevToolsClient. Connection notification will not arrive.
Mar 06, 2023 4:53:35 PM org.openqa.selenium.remote.ProtocolHandshake createSession
INFO: Detected dialect: W3C
]]></system-err>
</testsuite>
